<?xml version="1.0" encoding="UTF-8"?>
<testng-results skipped="0" failed="0" total="1" passed="1">
  <reporter-output>
  </reporter-output>
  <suite name="Default suite" duration-ms="32569" started-at="2020-08-04T03:30:24Z" finished-at="2020-08-04T03:30:56Z">
    <groups>
    </groups>
    <test name="Default test" duration-ms="32569" started-at="2020-08-04T03:30:24Z" finished-at="2020-08-04T03:30:56Z">
      <class name="com.tyss_practice.contactTest.DeleteContactTest">
        <test-method status="PASS" signature="deleteContactWithOrganization()[pri:0, instance:com.tyss_practice.contactTest.DeleteContactTest@12843fce]" name="deleteContactWithOrganization" duration-ms="32553" started-at="2020-08-04T09:00:24Z" finished-at="2020-08-04T09:00:56Z">
          <reporter-output>
          </reporter-output>
        </test-method> <!-- deleteContactWithOrganization -->
      </class> <!-- com.tyss_practice.contactTest.DeleteContactTest -->
    </test> <!-- Default test -->
  </suite> <!-- Default suite -->
</testng-results>
